Analysis & Synthesis report for scp
Thu May 02 13:48:54 2019
Quartus Prime Version 18.0.0 Build 614 04/24/2018 SJ Lite Edition


---------------------
; Table of Contents ;
---------------------
  1. Legal Notice
  2. Analysis & Synthesis Summary
  3. Analysis & Synthesis Settings
  4. Parallel Compilation
  5. Analysis & Synthesis Source Files Read
  6. Analysis & Synthesis Resource Usage Summary
  7. Analysis & Synthesis Resource Utilization by Entity
  8. General Register Statistics
  9. Multiplexer Restructuring Statistics (Restructuring Performed)
 10. Parameter Settings for User Entity Instance: execute:inst1|reg:inst2
 11. Post-Synthesis Netlist Statistics for Top Partition
 12. Elapsed Time Per Partition
 13. Analysis & Synthesis Messages



----------------
; Legal Notice ;
----------------
Copyright (C) 2018  Intel Corporation. All rights reserved.
Your use of Intel Corporation's design tools, logic functions 
and other software and tools, and its AMPP partner logic 
functions, and any output files from any of the foregoing 
(including device programming or simulation files), and any 
associated documentation or information are expressly subject 
to the terms and conditions of the Intel Program License 
Subscription Agreement, the Intel Quartus Prime License Agreement,
the Intel FPGA IP License Agreement, or other applicable license
agreement, including, without limitation, that your use is for
the sole purpose of programming logic devices manufactured by
Intel and sold by Intel or its authorized distributors.  Please
refer to the applicable agreement for further details.



+----------------------------------------------------------------------------------+
; Analysis & Synthesis Summary                                                     ;
+------------------------------------+---------------------------------------------+
; Analysis & Synthesis Status        ; Successful - Thu May 02 13:48:54 2019       ;
; Quartus Prime Version              ; 18.0.0 Build 614 04/24/2018 SJ Lite Edition ;
; Revision Name                      ; scp                                         ;
; Top-level Entity Name              ; scp                                         ;
; Family                             ; MAX 10                                      ;
; Total logic elements               ; 3,390                                       ;
;     Total combinational functions  ; 1,918                                       ;
;     Dedicated logic registers      ; 1,569                                       ;
; Total registers                    ; 1569                                        ;
; Total pins                         ; 153                                         ;
; Total virtual pins                 ; 0                                           ;
; Total memory bits                  ; 0                                           ;
; Embedded Multiplier 9-bit elements ; 0                                           ;
; Total PLLs                         ; 0                                           ;
; UFM blocks                         ; 0                                           ;
; ADC blocks                         ; 0                                           ;
+------------------------------------+---------------------------------------------+


+------------------------------------------------------------------------------------------------------------+
; Analysis & Synthesis Settings                                                                              ;
+------------------------------------------------------------------+--------------------+--------------------+
; Option                                                           ; Setting            ; Default Value      ;
+------------------------------------------------------------------+--------------------+--------------------+
; Device                                                           ; 10M50DAF484C7G     ;                    ;
; Top-level entity name                                            ; scp                ; scp                ;
; Family name                                                      ; MAX 10             ; Cyclone V          ;
; Block Design Naming                                              ; QuartusII          ; Auto               ;
; Use smart compilation                                            ; Off                ; Off                ;
; Enable parallel Assembler and Timing Analyzer during compilation ; On                 ; On                 ;
; Enable compact report table                                      ; Off                ; Off                ;
; Restructure Multiplexers                                         ; Auto               ; Auto               ;
; Create Debugging Nodes for IP Cores                              ; Off                ; Off                ;
; Preserve fewer node names                                        ; On                 ; On                 ;
; Intel FPGA IP Evaluation Mode                                    ; Enable             ; Enable             ;
; Verilog Version                                                  ; Verilog_2001       ; Verilog_2001       ;
; VHDL Version                                                     ; VHDL_1993          ; VHDL_1993          ;
; State Machine Processing                                         ; Auto               ; Auto               ;
; Safe State Machine                                               ; Off                ; Off                ;
; Extract Verilog State Machines                                   ; On                 ; On                 ;
; Extract VHDL State Machines                                      ; On                 ; On                 ;
; Ignore Verilog initial constructs                                ; Off                ; Off                ;
; Iteration limit for constant Verilog loops                       ; 5000               ; 5000               ;
; Iteration limit for non-constant Verilog loops                   ; 250                ; 250                ;
; Add Pass-Through Logic to Inferred RAMs                          ; On                 ; On                 ;
; Infer RAMs from Raw Logic                                        ; On                 ; On                 ;
; Parallel Synthesis                                               ; On                 ; On                 ;
; DSP Block Balancing                                              ; Auto               ; Auto               ;
; NOT Gate Push-Back                                               ; On                 ; On                 ;
; Power-Up Don't Care                                              ; On                 ; On                 ;
; Remove Redundant Logic Cells                                     ; Off                ; Off                ;
; Remove Duplicate Registers                                       ; On                 ; On                 ;
; Ignore CARRY Buffers                                             ; Off                ; Off                ;
; Ignore CASCADE Buffers                                           ; Off                ; Off                ;
; Ignore GLOBAL Buffers                                            ; Off                ; Off                ;
; Ignore ROW GLOBAL Buffers                                        ; Off                ; Off                ;
; Ignore LCELL Buffers                                             ; Off                ; Off                ;
; Ignore SOFT Buffers                                              ; On                 ; On                 ;
; Limit AHDL Integers to 32 Bits                                   ; Off                ; Off                ;
; Optimization Technique                                           ; Balanced           ; Balanced           ;
; Carry Chain Length                                               ; 70                 ; 70                 ;
; Auto Carry Chains                                                ; On                 ; On                 ;
; Auto Open-Drain Pins                                             ; On                 ; On                 ;
; Perform WYSIWYG Primitive Resynthesis                            ; Off                ; Off                ;
; Auto ROM Replacement                                             ; On                 ; On                 ;
; Auto RAM Replacement                                             ; On                 ; On                 ;
; Auto DSP Block Replacement                                       ; On                 ; On                 ;
; Auto Shift Register Replacement                                  ; Auto               ; Auto               ;
; Allow Shift Register Merging across Hierarchies                  ; Auto               ; Auto               ;
; Auto Clock Enable Replacement                                    ; On                 ; On                 ;
; Strict RAM Replacement                                           ; Off                ; Off                ;
; Allow Synchronous Control Signals                                ; On                 ; On                 ;
; Force Use of Synchronous Clear Signals                           ; Off                ; Off                ;
; Auto RAM Block Balancing                                         ; On                 ; On                 ;
; Auto RAM to Logic Cell Conversion                                ; Off                ; Off                ;
; Auto Resource Sharing                                            ; Off                ; Off                ;
; Allow Any RAM Size For Recognition                               ; Off                ; Off                ;
; Allow Any ROM Size For Recognition                               ; Off                ; Off                ;
; Allow Any Shift Register Size For Recognition                    ; Off                ; Off                ;
; Use LogicLock Constraints during Resource Balancing              ; On                 ; On                 ;
; Ignore translate_off and synthesis_off directives                ; Off                ; Off                ;
; Timing-Driven Synthesis                                          ; On                 ; On                 ;
; Report Parameter Settings                                        ; On                 ; On                 ;
; Report Source Assignments                                        ; On                 ; On                 ;
; Report Connectivity Checks                                       ; On                 ; On                 ;
; Ignore Maximum Fan-Out Assignments                               ; Off                ; Off                ;
; Synchronization Register Chain Length                            ; 2                  ; 2                  ;
; Power Optimization During Synthesis                              ; Normal compilation ; Normal compilation ;
; HDL message level                                                ; Level2             ; Level2             ;
; Suppress Register Optimization Related Messages                  ; Off                ; Off                ;
; Number of Removed Registers Reported in Synthesis Report         ; 5000               ; 5000               ;
; Number of Swept Nodes Reported in Synthesis Report               ; 5000               ; 5000               ;
; Number of Inverted Registers Reported in Synthesis Report        ; 100                ; 100                ;
; Clock MUX Protection                                             ; On                 ; On                 ;
; Auto Gated Clock Conversion                                      ; Off                ; Off                ;
; SDC constraint protection                                        ; Off                ; Off                ;
; Synthesis Effort                                                 ; Auto               ; Auto               ;
; Shift Register Replacement - Allow Asynchronous Clear Signal     ; On                 ; On                 ;
; Pre-Mapping Resynthesis Optimization                             ; Off                ; Off                ;
; Analysis & Synthesis Message Level                               ; Medium             ; Medium             ;
; Disable Register Merging Across Hierarchies                      ; Auto               ; Auto               ;
; Resource Aware Inference For Block RAM                           ; On                 ; On                 ;
+------------------------------------------------------------------+--------------------+--------------------+


+------------------------------------------+
; Parallel Compilation                     ;
+----------------------------+-------------+
; Processors                 ; Number      ;
+----------------------------+-------------+
; Number detected on machine ; 4           ;
; Maximum allowed            ; 2           ;
;                            ;             ;
; Average used               ; 1.00        ;
; Maximum used               ; 2           ;
;                            ;             ;
; Usage by Processor         ; % Time Used ;
;     Processor 1            ; 100.0%      ;
;     Processor 2            ;   0.1%      ;
+----------------------------+-------------+


+----------------------------------------------------------------------------------------------------------------------------------------------------------+
; Analysis & Synthesis Source Files Read                                                                                                                   ;
+----------------------------------+-----------------+------------------------------------+------------------------------------------------------+---------+
; File Name with User-Entered Path ; Used in Netlist ; File Type                          ; File Name with Absolute Path                         ; Library ;
+----------------------------------+-----------------+------------------------------------+------------------------------------------------------+---------+
; constant4.vhd                    ; yes             ; User VHDL File                     ; C:/Users/liberts/Documents/CE1921/scp/constant4.vhd  ;         ;
; scp.bdf                          ; yes             ; User Block Diagram/Schematic File  ; C:/Users/liberts/Documents/CE1921/scp/scp.bdf        ;         ;
; constant8.vhd                    ; yes             ; User VHDL File                     ; C:/Users/liberts/Documents/CE1921/scp/constant8.vhd  ;         ;
; fetch.bdf                        ; yes             ; User Block Diagram/Schematic File  ; C:/Users/liberts/Documents/CE1921/scp/fetch.bdf      ;         ;
; irom.vhd                         ; yes             ; User VHDL File                     ; C:/Users/liberts/Documents/CE1921/scp/irom.vhd       ;         ;
; adder.vhd                        ; yes             ; User VHDL File                     ; C:/Users/liberts/Documents/CE1921/scp/adder.vhd      ;         ;
; pc.vhd                           ; yes             ; User VHDL File                     ; C:/Users/liberts/Documents/CE1921/scp/pc.vhd         ;         ;
; regsrcbmux.vhd                   ; yes             ; User VHDL File                     ; C:/Users/liberts/Documents/CE1921/scp/regsrcbmux.vhd ;         ;
; armV4_alu.vhd                    ; yes             ; User VHDL File                     ; C:/Users/liberts/Documents/CE1921/scp/armV4_alu.vhd  ;         ;
; barrel.vhd                       ; yes             ; User VHDL File                     ; C:/Users/liberts/Documents/CE1921/scp/barrel.vhd     ;         ;
; extimm.vhd                       ; yes             ; User VHDL File                     ; C:/Users/liberts/Documents/CE1921/scp/extimm.vhd     ;         ;
; regfile.vhd                      ; yes             ; User VHDL File                     ; C:/Users/liberts/Documents/CE1921/scp/regfile.vhd    ;         ;
; reg.vhd                          ; yes             ; User VHDL File                     ; C:/Users/liberts/Documents/CE1921/scp/reg.vhd        ;         ;
; decode.bdf                       ; yes             ; User Block Diagram/Schematic File  ; C:/Users/liberts/Documents/CE1921/scp/decode.bdf     ;         ;
; busmux.vhd                       ; yes             ; User VHDL File                     ; C:/Users/liberts/Documents/CE1921/scp/busmux.vhd     ;         ;
; execute.bdf                      ; yes             ; User Block Diagram/Schematic File  ; C:/Users/liberts/Documents/CE1921/scp/execute.bdf    ;         ;
; dmem.vhd                         ; yes             ; User VHDL File                     ; C:/Users/liberts/Documents/CE1921/scp/dmem.vhd       ;         ;
; controller.vhd                   ; yes             ; User VHDL File                     ; C:/Users/liberts/Documents/CE1921/scp/controller.vhd ;         ;
+----------------------------------+-----------------+------------------------------------+------------------------------------------------------+---------+


+---------------------------------------------------------+
; Analysis & Synthesis Resource Usage Summary             ;
+---------------------------------------------+-----------+
; Resource                                    ; Usage     ;
+---------------------------------------------+-----------+
; Estimated Total logic elements              ; 3,390     ;
;                                             ;           ;
; Total combinational functions               ; 1918      ;
; Logic element usage by number of LUT inputs ;           ;
;     -- 4 input functions                    ; 1586      ;
;     -- 3 input functions                    ; 236       ;
;     -- <=2 input functions                  ; 96        ;
;                                             ;           ;
; Logic elements by mode                      ;           ;
;     -- normal mode                          ; 1798      ;
;     -- arithmetic mode                      ; 120       ;
;                                             ;           ;
; Total registers                             ; 1569      ;
;     -- Dedicated logic registers            ; 1569      ;
;     -- I/O registers                        ; 0         ;
;                                             ;           ;
; I/O pins                                    ; 153       ;
;                                             ;           ;
; Embedded Multiplier 9-bit elements          ; 0         ;
;                                             ;           ;
; Maximum fan-out node                        ; CLK~input ;
; Maximum fan-out                             ; 1569      ;
; Total fan-out                               ; 12248     ;
; Average fan-out                             ; 3.23      ;
+---------------------------------------------+-----------+


+---------------------------------------------------------------------------------------------------------------------------------------------------------------------------------------------------------------------------------------------------+
; Analysis & Synthesis Resource Utilization by Entity                                                                                                                                                                                               ;
+----------------------------+---------------------+---------------------------+-------------+------------+--------------+---------+-----------+------+--------------+------------+------------------------------------+-------------+--------------+
; Compilation Hierarchy Node ; Combinational ALUTs ; Dedicated Logic Registers ; Memory Bits ; UFM Blocks ; DSP Elements ; DSP 9x9 ; DSP 18x18 ; Pins ; Virtual Pins ; ADC blocks ; Full Hierarchy Name                ; Entity Name ; Library Name ;
+----------------------------+---------------------+---------------------------+-------------+------------+--------------+---------+-----------+------+--------------+------------+------------------------------------+-------------+--------------+
; |scp                       ; 1918 (0)            ; 1569 (0)                  ; 0           ; 0          ; 0            ; 0       ; 0         ; 153  ; 0            ; 0          ; |scp                               ; scp         ; work         ;
;    |BUSMUX:inst3|          ; 63 (63)             ; 0 (0)                     ; 0           ; 0          ; 0            ; 0       ; 0         ; 0    ; 0            ; 0          ; |scp|BUSMUX:inst3                  ; BUSMUX      ; work         ;
;    |CONTROLLER:inst6|      ; 19 (19)             ; 0 (0)                     ; 0           ; 0          ; 0            ; 0       ; 0         ; 0    ; 0            ; 0          ; |scp|CONTROLLER:inst6              ; CONTROLLER  ; work         ;
;    |decode:inst2|          ; 749 (0)             ; 512 (0)                   ; 0           ; 0          ; 0            ; 0       ; 0         ; 0    ; 0            ; 0          ; |scp|decode:inst2                  ; decode      ; work         ;
;       |ADDER:inst5|        ; 32 (32)             ; 0 (0)                     ; 0           ; 0          ; 0            ; 0       ; 0         ; 0    ; 0            ; 0          ; |scp|decode:inst2|ADDER:inst5      ; ADDER       ; work         ;
;       |EXTIMM:inst1|       ; 18 (18)             ; 0 (0)                     ; 0           ; 0          ; 0            ; 0       ; 0         ; 0    ; 0            ; 0          ; |scp|decode:inst2|EXTIMM:inst1     ; EXTIMM      ; work         ;
;       |REGSRCBMUX:inst|    ; 3 (3)               ; 0 (0)                     ; 0           ; 0          ; 0            ; 0       ; 0         ; 0    ; 0            ; 0          ; |scp|decode:inst2|REGSRCBMUX:inst  ; REGSRCBMUX  ; work         ;
;       |regfile:inst6|      ; 696 (696)           ; 512 (512)                 ; 0           ; 0          ; 0            ; 0       ; 0         ; 0    ; 0            ; 0          ; |scp|decode:inst2|regfile:inst6    ; regfile     ; work         ;
;    |dmem:inst4|            ; 688 (688)           ; 1024 (1024)               ; 0           ; 0          ; 0            ; 0       ; 0         ; 0    ; 0            ; 0          ; |scp|dmem:inst4                    ; dmem        ; work         ;
;    |execute:inst1|         ; 241 (0)             ; 1 (0)                     ; 0           ; 0          ; 0            ; 0       ; 0         ; 0    ; 0            ; 0          ; |scp|execute:inst1                 ; execute     ; work         ;
;       |BUSMUX:inst|        ; 27 (27)             ; 0 (0)                     ; 0           ; 0          ; 0            ; 0       ; 0         ; 0    ; 0            ; 0          ; |scp|execute:inst1|BUSMUX:inst     ; BUSMUX      ; work         ;
;       |armV4_alu:inst1|    ; 202 (202)           ; 0 (0)                     ; 0           ; 0          ; 0            ; 0       ; 0         ; 0    ; 0            ; 0          ; |scp|execute:inst1|armV4_alu:inst1 ; armV4_alu   ; work         ;
;       |reg:inst2|          ; 12 (12)             ; 1 (1)                     ; 0           ; 0          ; 0            ; 0       ; 0         ; 0    ; 0            ; 0          ; |scp|execute:inst1|reg:inst2       ; reg         ; work         ;
;    |fetch:inst|            ; 158 (0)             ; 32 (0)                    ; 0           ; 0          ; 0            ; 0       ; 0         ; 0    ; 0            ; 0          ; |scp|fetch:inst                    ; fetch       ; work         ;
;       |ADDER:inst1|        ; 29 (29)             ; 0 (0)                     ; 0           ; 0          ; 0            ; 0       ; 0         ; 0    ; 0            ; 0          ; |scp|fetch:inst|ADDER:inst1        ; ADDER       ; work         ;
;       |ADDER:inst2|        ; 30 (30)             ; 0 (0)                     ; 0           ; 0          ; 0            ; 0       ; 0         ; 0    ; 0            ; 0          ; |scp|fetch:inst|ADDER:inst2        ; ADDER       ; work         ;
;       |PC:inst6|           ; 33 (33)             ; 32 (32)                   ; 0           ; 0          ; 0            ; 0       ; 0         ; 0    ; 0            ; 0          ; |scp|fetch:inst|PC:inst6           ; PC          ; work         ;
;       |irom:inst3|         ; 66 (66)             ; 0 (0)                     ; 0           ; 0          ; 0            ; 0       ; 0         ; 0    ; 0            ; 0          ; |scp|fetch:inst|irom:inst3         ; irom        ; work         ;
+----------------------------+---------------------+---------------------------+-------------+------------+--------------+---------+-----------+------+--------------+------------+------------------------------------+-------------+--------------+
Note: For table entries with two numbers listed, the numbers in parentheses indicate the number of resources of the given type used by the specific entity alone. The numbers listed outside of parentheses indicate the total resources of the given type used by the specific entity and all of its sub-entities in the hierarchy.


+------------------------------------------------------+
; General Register Statistics                          ;
+----------------------------------------------+-------+
; Statistic                                    ; Value ;
+----------------------------------------------+-------+
; Total registers                              ; 1569  ;
; Number of registers using Synchronous Clear  ; 31    ;
; Number of registers using Synchronous Load   ; 0     ;
; Number of registers using Asynchronous Clear ; 0     ;
; Number of registers using Asynchronous Load  ; 0     ;
; Number of registers using Clock Enable       ; 1538  ;
; Number of registers using Preset             ; 0     ;
+----------------------------------------------+-------+


+--------------------------------------------------------------------------------------------------------------------------------------------------------------+
; Multiplexer Restructuring Statistics (Restructuring Performed)                                                                                               ;
+--------------------+-----------+---------------+----------------------+------------------------+------------+------------------------------------------------+
; Multiplexer Inputs ; Bus Width ; Baseline Area ; Area if Restructured ; Saving if Restructured ; Registered ; Example Multiplexer Output                     ;
+--------------------+-----------+---------------+----------------------+------------------------+------------+------------------------------------------------+
; 3:1                ; 32 bits   ; 64 LEs        ; 32 LEs               ; 32 LEs                 ; Yes        ; |scp|decode:inst2|regfile:inst6|myregs[7][10]  ;
; 3:1                ; 32 bits   ; 64 LEs        ; 32 LEs               ; 32 LEs                 ; Yes        ; |scp|decode:inst2|regfile:inst6|myregs[6][19]  ;
; 3:1                ; 32 bits   ; 64 LEs        ; 32 LEs               ; 32 LEs                 ; Yes        ; |scp|decode:inst2|regfile:inst6|myregs[5][19]  ;
; 3:1                ; 32 bits   ; 64 LEs        ; 32 LEs               ; 32 LEs                 ; Yes        ; |scp|decode:inst2|regfile:inst6|myregs[4][19]  ;
; 3:1                ; 32 bits   ; 64 LEs        ; 32 LEs               ; 32 LEs                 ; Yes        ; |scp|decode:inst2|regfile:inst6|myregs[3][19]  ;
; 3:1                ; 32 bits   ; 64 LEs        ; 32 LEs               ; 32 LEs                 ; Yes        ; |scp|decode:inst2|regfile:inst6|myregs[2][24]  ;
; 3:1                ; 32 bits   ; 64 LEs        ; 32 LEs               ; 32 LEs                 ; Yes        ; |scp|decode:inst2|regfile:inst6|myregs[1][6]   ;
; 3:1                ; 32 bits   ; 64 LEs        ; 32 LEs               ; 32 LEs                 ; Yes        ; |scp|decode:inst2|regfile:inst6|myregs[0][3]   ;
; 3:1                ; 32 bits   ; 64 LEs        ; 32 LEs               ; 32 LEs                 ; Yes        ; |scp|decode:inst2|regfile:inst6|myregs[15][18] ;
; 3:1                ; 32 bits   ; 64 LEs        ; 32 LEs               ; 32 LEs                 ; Yes        ; |scp|decode:inst2|regfile:inst6|myregs[14][17] ;
; 3:1                ; 32 bits   ; 64 LEs        ; 32 LEs               ; 32 LEs                 ; Yes        ; |scp|decode:inst2|regfile:inst6|myregs[13][0]  ;
; 3:1                ; 32 bits   ; 64 LEs        ; 32 LEs               ; 32 LEs                 ; Yes        ; |scp|decode:inst2|regfile:inst6|myregs[12][18] ;
; 3:1                ; 32 bits   ; 64 LEs        ; 32 LEs               ; 32 LEs                 ; Yes        ; |scp|decode:inst2|regfile:inst6|myregs[11][29] ;
; 3:1                ; 32 bits   ; 64 LEs        ; 32 LEs               ; 32 LEs                 ; Yes        ; |scp|decode:inst2|regfile:inst6|myregs[10][14] ;
; 3:1                ; 32 bits   ; 64 LEs        ; 32 LEs               ; 32 LEs                 ; Yes        ; |scp|decode:inst2|regfile:inst6|myregs[9][18]  ;
; 3:1                ; 32 bits   ; 64 LEs        ; 32 LEs               ; 32 LEs                 ; Yes        ; |scp|decode:inst2|regfile:inst6|myregs[8][2]   ;
; 3:1                ; 2 bits    ; 4 LEs         ; 2 LEs                ; 2 LEs                  ; Yes        ; |scp|fetch:inst|PC:inst6|Q[0]                  ;
; 3:1                ; 30 bits   ; 60 LEs        ; 60 LEs               ; 0 LEs                  ; Yes        ; |scp|fetch:inst|PC:inst6|Q[6]                  ;
; 8:1                ; 32 bits   ; 160 LEs       ; 128 LEs              ; 32 LEs                 ; No         ; |scp|execute:inst1|armV4_alu:inst1|Mux28       ;
; 5:1                ; 2 bits    ; 6 LEs         ; 6 LEs                ; 0 LEs                  ; No         ; |scp|CONTROLLER:inst6|ALUS[2]                  ;
; 16:1               ; 32 bits   ; 320 LEs       ; 320 LEs              ; 0 LEs                  ; No         ; |scp|decode:inst2|regfile:inst6|Mux37          ;
; 16:1               ; 32 bits   ; 320 LEs       ; 320 LEs              ; 0 LEs                  ; No         ; |scp|decode:inst2|regfile:inst6|Mux8           ;
+--------------------+-----------+---------------+----------------------+------------------------+------------+------------------------------------------------+


+----------------------------------------------------------------------+
; Parameter Settings for User Entity Instance: execute:inst1|reg:inst2 ;
+----------------+-------+---------------------------------------------+
; Parameter Name ; Value ; Type                                        ;
+----------------+-------+---------------------------------------------+
; n              ; 4     ; Signed Integer                              ;
+----------------+-------+---------------------------------------------+
Note: In order to hide this table in the UI and the text report file, please set the "Show Parameter Settings in Synthesis Report" option in "Analysis and Synthesis Settings -> More Settings" to "Off".


+-----------------------------------------------------+
; Post-Synthesis Netlist Statistics for Top Partition ;
+-----------------------+-----------------------------+
; Type                  ; Count                       ;
+-----------------------+-----------------------------+
; boundary_port         ; 153                         ;
; cycloneiii_ff         ; 1569                        ;
;     ENA               ; 1538                        ;
;     SCLR              ; 31                          ;
; cycloneiii_lcell_comb ; 1925                        ;
;     arith             ; 120                         ;
;         2 data inputs ; 57                          ;
;         3 data inputs ; 63                          ;
;     normal            ; 1805                        ;
;         0 data inputs ; 2                           ;
;         1 data inputs ; 7                           ;
;         2 data inputs ; 37                          ;
;         3 data inputs ; 173                         ;
;         4 data inputs ; 1586                        ;
;                       ;                             ;
; Max LUT depth         ; 23.40                       ;
; Average LUT depth     ; 14.60                       ;
+-----------------------+-----------------------------+


+-------------------------------+
; Elapsed Time Per Partition    ;
+----------------+--------------+
; Partition Name ; Elapsed Time ;
+----------------+--------------+
; Top            ; 00:00:07     ;
+----------------+--------------+


+-------------------------------+
; Analysis & Synthesis Messages ;
+-------------------------------+
Info: *******************************************************************
Info: Running Quartus Prime Analysis & Synthesis
    Info: Version 18.0.0 Build 614 04/24/2018 SJ Lite Edition
    Info: Processing started: Thu May 02 13:48:31 2019
Info: Command: quartus_map --read_settings_files=on --write_settings_files=off scp -c scp
Warning (18236): Number of processors has not been specified which may cause overloading on shared machines.  Set the global assignment NUM_PARALLEL_PROCESSORS in your QSF to an appropriate value for best performance.
Info (20030): Parallel compilation is enabled and will use 2 of the 2 processors detected
Info (12021): Found 2 design units, including 1 entities, in source file constant4.vhd
    Info (12022): Found design unit 1: CONSTANT4-DATAFLOW File: C:/Users/liberts/Documents/CE1921/scp/constant4.vhd Line: 14
    Info (12023): Found entity 1: CONSTANT4 File: C:/Users/liberts/Documents/CE1921/scp/constant4.vhd Line: 8
Info (12021): Found 1 design units, including 1 entities, in source file scp.bdf
    Info (12023): Found entity 1: scp
Info (12021): Found 2 design units, including 1 entities, in source file constant8.vhd
    Info (12022): Found design unit 1: CONSTANT8-DATAFLOW File: C:/Users/liberts/Documents/CE1921/scp/constant8.vhd Line: 13
    Info (12023): Found entity 1: CONSTANT8 File: C:/Users/liberts/Documents/CE1921/scp/constant8.vhd Line: 7
Info (12021): Found 1 design units, including 1 entities, in source file fetch.bdf
    Info (12023): Found entity 1: fetch
Info (12021): Found 2 design units, including 1 entities, in source file irom.vhd
    Info (12022): Found design unit 1: irom-dataflow File: C:/Users/liberts/Documents/CE1921/scp/irom.vhd Line: 40
    Info (12023): Found entity 1: irom File: C:/Users/liberts/Documents/CE1921/scp/irom.vhd Line: 35
Info (12021): Found 2 design units, including 1 entities, in source file adder.vhd
    Info (12022): Found design unit 1: ADDER-DATAFLOW File: C:/Users/liberts/Documents/CE1921/scp/adder.vhd Line: 16
    Info (12023): Found entity 1: ADDER File: C:/Users/liberts/Documents/CE1921/scp/adder.vhd Line: 9
Info (12021): Found 2 design units, including 1 entities, in source file pc.vhd
    Info (12022): Found design unit 1: PC-BEHAVIORAL File: C:/Users/liberts/Documents/CE1921/scp/pc.vhd Line: 13
    Info (12023): Found entity 1: PC File: C:/Users/liberts/Documents/CE1921/scp/pc.vhd Line: 4
Info (12021): Found 2 design units, including 1 entities, in source file regsrcbmux.vhd
    Info (12022): Found design unit 1: REGSRCBMUX-BEHAVIORAL File: C:/Users/liberts/Documents/CE1921/scp/regsrcbmux.vhd Line: 13
    Info (12023): Found entity 1: REGSRCBMUX File: C:/Users/liberts/Documents/CE1921/scp/regsrcbmux.vhd Line: 4
Info (12021): Found 2 design units, including 1 entities, in source file armv4_alu.vhd
    Info (12022): Found design unit 1: armV4_alu-BEHAVIORAL File: C:/Users/liberts/Documents/CE1921/scp/armV4_alu.vhd Line: 18
    Info (12023): Found entity 1: armV4_alu File: C:/Users/liberts/Documents/CE1921/scp/armV4_alu.vhd Line: 9
Info (12021): Found 2 design units, including 1 entities, in source file barrel.vhd
    Info (12022): Found design unit 1: BARREL-DATAFLOW File: C:/Users/liberts/Documents/CE1921/scp/barrel.vhd Line: 14
    Info (12023): Found entity 1: BARREL File: C:/Users/liberts/Documents/CE1921/scp/barrel.vhd Line: 6
Info (12021): Found 2 design units, including 1 entities, in source file extimm.vhd
    Info (12022): Found design unit 1: EXTIMM-DATAFLOW File: C:/Users/liberts/Documents/CE1921/scp/extimm.vhd Line: 14
    Info (12023): Found entity 1: EXTIMM File: C:/Users/liberts/Documents/CE1921/scp/extimm.vhd Line: 6
Info (12021): Found 2 design units, including 1 entities, in source file regfile.vhd
    Info (12022): Found design unit 1: regfile-behavioral File: C:/Users/liberts/Documents/CE1921/scp/regfile.vhd Line: 28
    Info (12023): Found entity 1: regfile File: C:/Users/liberts/Documents/CE1921/scp/regfile.vhd Line: 15
Info (12021): Found 2 design units, including 1 entities, in source file busmux4.vhd
    Info (12022): Found design unit 1: BUSMUX4-DATAFLOW File: C:/Users/liberts/Documents/CE1921/scp/busmux4.vhd Line: 21
    Info (12023): Found entity 1: BUSMUX4 File: C:/Users/liberts/Documents/CE1921/scp/busmux4.vhd Line: 11
Info (12021): Found 2 design units, including 1 entities, in source file reg.vhd
    Info (12022): Found design unit 1: REG-BEHAVIORAL File: C:/Users/liberts/Documents/CE1921/scp/reg.vhd Line: 14
    Info (12023): Found entity 1: reg File: C:/Users/liberts/Documents/CE1921/scp/reg.vhd Line: 4
Info (12021): Found 2 design units, including 1 entities, in source file decoder.vhd
    Info (12022): Found design unit 1: DECODER-DATAFLOW File: C:/Users/liberts/Documents/CE1921/scp/decoder.vhd Line: 14
    Info (12023): Found entity 1: DECODER File: C:/Users/liberts/Documents/CE1921/scp/decoder.vhd Line: 5
Info (12021): Found 1 design units, including 1 entities, in source file decode.bdf
    Info (12023): Found entity 1: decode
Warning (12090): Entity "BUSMUX" obtained from "busmux.vhd" instead of from Quartus Prime megafunction library File: C:/Users/liberts/Documents/CE1921/scp/busmux.vhd Line: 5
Info (12021): Found 2 design units, including 1 entities, in source file busmux.vhd
    Info (12022): Found design unit 1: BUSMUX-DATAFLOW File: C:/Users/liberts/Documents/CE1921/scp/busmux.vhd Line: 14
    Info (12023): Found entity 1: BUSMUX File: C:/Users/liberts/Documents/CE1921/scp/busmux.vhd Line: 5
Info (12021): Found 1 design units, including 1 entities, in source file execute.bdf
    Info (12023): Found entity 1: execute
Info (12021): Found 2 design units, including 1 entities, in source file dmem.vhd
    Info (12022): Found design unit 1: dmem-behavioral File: C:/Users/liberts/Documents/CE1921/scp/dmem.vhd Line: 48
    Info (12023): Found entity 1: dmem File: C:/Users/liberts/Documents/CE1921/scp/dmem.vhd Line: 36
Info (12021): Found 2 design units, including 1 entities, in source file controller.vhd
    Info (12022): Found design unit 1: CONTROLLER-DATAFLOW File: C:/Users/liberts/Documents/CE1921/scp/controller.vhd Line: 32
    Info (12023): Found entity 1: CONTROLLER File: C:/Users/liberts/Documents/CE1921/scp/controller.vhd Line: 7
Info (12127): Elaborating entity "scp" for the top level hierarchy
Info (12128): Elaborating entity "CONTROLLER" for hierarchy "CONTROLLER:inst6"
Info (12128): Elaborating entity "execute" for hierarchy "execute:inst1"
Info (12128): Elaborating entity "reg" for hierarchy "execute:inst1|reg:inst2"
Info (12128): Elaborating entity "armV4_alu" for hierarchy "execute:inst1|armV4_alu:inst1"
Info (12128): Elaborating entity "BUSMUX" for hierarchy "execute:inst1|BUSMUX:inst"
Info (12128): Elaborating entity "decode" for hierarchy "decode:inst2"
Info (12128): Elaborating entity "ADDER" for hierarchy "decode:inst2|ADDER:inst5"
Info (12128): Elaborating entity "BARREL" for hierarchy "decode:inst2|BARREL:inst2"
Info (12128): Elaborating entity "EXTIMM" for hierarchy "decode:inst2|EXTIMM:inst1"
Info (12128): Elaborating entity "regfile" for hierarchy "decode:inst2|regfile:inst6"
Info (12128): Elaborating entity "REGSRCBMUX" for hierarchy "decode:inst2|REGSRCBMUX:inst"
Info (12128): Elaborating entity "fetch" for hierarchy "fetch:inst"
Info (12128): Elaborating entity "irom" for hierarchy "fetch:inst|irom:inst3"
Info (12128): Elaborating entity "PC" for hierarchy "fetch:inst|PC:inst6"
Info (12128): Elaborating entity "CONSTANT4" for hierarchy "fetch:inst|CONSTANT4:inst4"
Info (12128): Elaborating entity "CONSTANT8" for hierarchy "fetch:inst|CONSTANT8:inst5"
Info (12128): Elaborating entity "dmem" for hierarchy "dmem:inst4"
Info (276014): Found 1 instances of uninferred RAM logic
    Info (276007): RAM logic "dmem:inst4|MEMARRAY" is uninferred due to asynchronous read logic File: C:/Users/liberts/Documents/CE1921/scp/dmem.vhd Line: 50
Warning (13024): Output pins are stuck at VCC or GND
    Warning (13410): Pin "PCWR" is stuck at VCC
    Warning (13410): Pin "ROTATE[3]" is stuck at GND
    Warning (13410): Pin "ROTATE[2]" is stuck at GND
    Warning (13410): Pin "ROTATE[1]" is stuck at GND
    Warning (13410): Pin "ROTATE[0]" is stuck at GND
Info (286030): Timing-Driven Synthesis is running
Info (16010): Generating hard_block partition "hard_block:auto_generated_inst"
    Info (16011): Adding 0 node(s), including 0 DDIO, 0 PLL, 0 transceiver and 0 LCELL
Info (21057): Implemented 3607 device resources after synthesis - the final resource count might be different
    Info (21058): Implemented 2 input pins
    Info (21059): Implemented 151 output pins
    Info (21061): Implemented 3454 logic cells
Info: Quartus Prime Analysis & Synthesis was successful. 0 errors, 8 warnings
    Info: Peak virtual memory: 685 megabytes
    Info: Processing ended: Thu May 02 13:48:54 2019
    Info: Elapsed time: 00:00:23
    Info: Total CPU time (on all processors): 00:00:43


